#
# A fatal error has been detected by the Java Runtime Environment:
#
#  SIGSEGV (0xb) at pc=0x00007fde4dd52217, pid=7892, tid=140593184573184
#
# JRE version: Java(TM) SE Runtime Environment (8.0_25-b17) (build 1.8.0_25-b17)
# Java VM: Java HotSpot(TM) 64-Bit Server VM (25.25-b02 mixed mode linux-amd64 compressed oops)
# Problematic frame:
# C  [fglrx_dri.so+0x28c217]
#
# Failed to write core dump. Core dumps have been disabled. To enable core dumping, try "ulimit -c unlimited" before starting Java again
#
# If you would like to submit a bug report, please visit:
#   http://bugreport.sun.com/bugreport/crash.jsp
# The crash happened outside the Java Virtual Machine in native code.
# See problematic frame for where to report the bug.
#

---------------  T H R E A D  ---------------

Current thread (0x00007fdeb451d800):  JavaThread "AWT-EventQueue-0" [_thread_in_native, id=7931, stack(0x00007fde66c30000,0x00007fde66d31000)]

siginfo: si_signo: 11 (SIGSEGV), si_code: 128 (SI_KERNEL), si_addr: 0x0000000000000000

Registers:
RAX=0x00007fde66d2ce9f, RBX=0x0000000000000004, RCX=0x00007fde4dd52217, RDX=0x0000000000000004
RSP=0x00007fde66d2cd80, RBP=0x0000000000000004, RSI=0x0000000000000004, RDI=0xbe9e27e13f79ff61
R8 =0x0000000000000001, R9 =0x0000000000000000, R10=0x00007fdea50134a8, R11=0x00007fde4e22d960
R12=0x0000000000000000, R13=0x00007fde672b0b38, R14=0x00007fde66d2cfd8, R15=0x00007fdeb451d800
RIP=0x00007fde4dd52217, EFLAGS=0x0000000000010293, CSGSFS=0x0000000000000033, ERR=0x0000000000000000
  TRAPNO=0x000000000000000d

Top of Stack: (sp=0x00007fde66d2cd80)
0x00007fde66d2cd80:   00007fdebcdbe1b0 00007fdeb442d7e0
0x00007fde66d2cd90:   0000000000000018 00000000000003d8
0x00007fde66d2cda0:   0000000014c2b2bc 00007fde00000019
0x00007fde66d2cdb0:   00007fde672b0b38 00007fdeb451d800
0x00007fde66d2cdc0:   00007fdeb40c5f40 00007fde66d2ce30
0x00007fde66d2cdd0:   00007fde66d2ce80 00007fde66d2cecf
0x00007fde66d2cde0:   00007fde659cdb03 00007fde66d2ce30
0x00007fde66d2cdf0:   00007fde66d2ce60 00007fdebc76a4d2
0x00007fde66d2ce00:   00007fde66d2cfd8 00000000f91515f0
0x00007fde66d2ce10:   0000000000000001 0000000000000000
0x00007fde66d2ce20:   00007fde672b0b38 00007fdeb451d800
0x00007fde66d2ce30:   00000000f91515f0 00000000f91515f0
0x00007fde66d2ce40:   00007fde66d2ceb0 00007fdebc56236e
0x00007fde66d2ce50:   00007fdeb451d800 0000000000000000
0x00007fde66d2ce60:   00007fde66d2cef0 00007fdebc51c20f
0x00007fde66d2ce70:   00007fdeb451d800 00007fdeb451d800
0x00007fde66d2ce80:   00007fdeb451d800 00007fdeb451d800
0x00007fde66d2ce90:   00007fde672b0b38 0000000000000000
0x00007fde66d2cea0:   00007fde672b0b38 00007fde672b0b38
0x00007fde66d2ceb0:   00007fde66d2cf00 00007fde659cdba1
0x00007fde66d2cec0:   00007fdeb451d800 00007f00b451d800
0x00007fde66d2ced0:   00007fde66d2cfc8 0000000100000000
0x00007fde66d2cee0:   00007fde66d2cfd8 00007fdeb451d9e8
0x00007fde66d2cef0:   00007fde65eed5c0 00000000f91515f0
0x00007fde66d2cf00:   00007fde66d2cf88 00007fdea50134d4
0x00007fde66d2cf10:   00007fde65eed5c0 00007fdeb9aec570
0x00007fde66d2cf20:   00007fde672b0b38 0000000000000000
0x00007fde66d2cf30:   00007fde66d2cf88 00007fdea5013267
0x00007fde66d2cf40:   00007fdea5013222 00007fde66d2cf48
0x00007fde66d2cf50:   00007fde672b0b38 00007fde66d2cfd8
0x00007fde66d2cf60:   00007fde65f5e028 0000000000000000
0x00007fde66d2cf70:   00007fde672b0b38 0000000000000000 

Instructions: (pc=0x00007fde4dd52217)
0x00007fde4dd521f7:   0f 29 78 f1 0f 29 70 e1 0f 29 68 d1 0f 29 60 c1
0x00007fde4dd52207:   0f 29 58 b1 0f 29 50 a1 0f 29 48 91 0f 29 40 81
0x00007fde4dd52217:   44 8b 87 ec 01 00 00 b8 04 00 00 00 0f 4d d8 45
0x00007fde4dd52227:   85 c0 75 13 48 8d 15 ee dd af 01 48 63 c3 8b 04 

Register to memory mapping:

RAX=0x00007fde66d2ce9f is pointing into the stack for thread: 0x00007fdeb451d800
RBX=0x0000000000000004 is an unknown value
RCX=0x00007fde4dd52217: <offset 0x28c217> in /usr/lib/fglrx/dri/fglrx_dri.so at 0x00007fde4dac6000
RDX=0x0000000000000004 is an unknown value
RSP=0x00007fde66d2cd80 is pointing into the stack for thread: 0x00007fdeb451d800
RBP=0x0000000000000004 is an unknown value
RSI=0x0000000000000004 is an unknown value
RDI=0xbe9e27e13f79ff61 is an unknown value
R8 =0x0000000000000001 is an unknown value
R9 =0x0000000000000000 is an unknown value
R10=0x00007fdea50134a8 is at code_begin+808 in an Interpreter codelet
method entry point (kind = native)  [0x00007fdea5013180, 0x00007fdea5013a80]  2304 bytes
R11=0x00007fde4e22d960: <offset 0x767960> in /usr/lib/fglrx/dri/fglrx_dri.so at 0x00007fde4dac6000
R12=0x0000000000000000 is an unknown value
R13={method} {0x00007fde672b0b38} 'dispatch_glGenTextures1' '(ILjava/lang/Object;IZJ)V' in 'jogamp/opengl/gl4/GL4bcImpl'
R14=0x00007fde66d2cfd8 is pointing into the stack for thread: 0x00007fdeb451d800
R15=0x00007fdeb451d800 is a thread


Stack: [0x00007fde66c30000,0x00007fde66d31000],  sp=0x00007fde66d2cd80,  free space=1011k
Native frames: (J=compiled Java code, j=interpreted, Vv=VM code, C=native code)
C  [fglrx_dri.so+0x28c217]

Java frames: (J=compiled Java code, j=interpreted, Vv=VM code)
j  jogamp.opengl.gl4.GL4bcImpl.dispatch_glGenTextures1(ILjava/lang/Object;IZJ)V+0
j  jogamp.opengl.gl4.GL4bcImpl.glGenTextures(I[II)V+112
j  com.jogamp.opengl.util.texture.Texture.validateTexID(Ljavax/media/opengl/GL;Z)Z+21
j  com.jogamp.opengl.util.texture.Texture.updateImage(Ljavax/media/opengl/GL;Lcom/jogamp/opengl/util/texture/TextureData;I)V+3
j  com.jogamp.opengl.util.texture.Texture.updateImage(Ljavax/media/opengl/GL;Lcom/jogamp/opengl/util/texture/TextureData;)V+4
j  com.jogamp.opengl.util.texture.Texture.<init>(Ljavax/media/opengl/GL;Lcom/jogamp/opengl/util/texture/TextureData;)V+12
j  com.jogamp.opengl.util.texture.TextureIO.newTexture(Ljavax/media/opengl/GL;Lcom/jogamp/opengl/util/texture/TextureData;)Lcom/jogamp/opengl/util/texture/Texture;+20
j  com.jogamp.opengl.util.texture.TextureIO.newTexture(Lcom/jogamp/opengl/util/texture/TextureData;)Lcom/jogamp/opengl/util/texture/Texture;+4
j  com.jogamp.opengl.util.texture.awt.AWTTextureIO.newTexture(Ljavax/media/opengl/GLProfile;Ljava/awt/image/BufferedImage;Z)Lcom/jogamp/opengl/util/texture/Texture;+8
j  scrollthief.model.GameModel.loadTextures(Ljavax/media/opengl/GL2;)V+122
j  scrollthief.model.GameModel.init(Ljavax/media/opengl/GL2;)V+10
j  scrollthief.view.View.init(Ljavax/media/opengl/GLAutoDrawable;)V+69
j  jogamp.opengl.GLDrawableHelper.init(Ljavax/media/opengl/GLEventListener;Ljavax/media/opengl/GLAutoDrawable;ZZ)V+2
j  jogamp.opengl.GLDrawableHelper.init(Ljavax/media/opengl/GLAutoDrawable;Z)V+73
j  javax.media.opengl.awt.GLCanvas$9.run()V+26
j  jogamp.opengl.GLDrawableHelper.invokeGLImpl(Ljavax/media/opengl/GLDrawable;Ljavax/media/opengl/GLContext;Ljava/lang/Runnable;Ljava/lang/Runnable;)V+197
j  jogamp.opengl.GLDrawableHelper.invokeGL(Ljavax/media/opengl/GLDrawable;Ljavax/media/opengl/GLContext;Ljava/lang/Runnable;Ljava/lang/Runnable;)V+72
j  javax.media.opengl.awt.GLCanvas$11.run()V+73
j  javax.media.opengl.Threading.invoke(ZLjava/lang/Runnable;Ljava/lang/Object;)V+27
j  javax.media.opengl.awt.GLCanvas.display()V+64
j  javax.media.opengl.awt.GLCanvas.paint(Ljava/awt/Graphics;)V+137
j  sun.awt.RepaintArea.paintComponent(Ljava/awt/Component;Ljava/awt/Graphics;)V+6
j  sun.awt.X11.XRepaintArea.paintComponent(Ljava/awt/Component;Ljava/awt/Graphics;)V+24
j  sun.awt.RepaintArea.paint(Ljava/lang/Object;Z)V+326
j  sun.awt.X11.XComponentPeer.handleEvent(Ljava/awt/AWTEvent;)V+224
j  java.awt.Component.dispatchEventImpl(Ljava/awt/AWTEvent;)V+877
j  java.awt.Component.dispatchEvent(Ljava/awt/AWTEvent;)V+2
j  java.awt.EventQueue.dispatchEventImpl(Ljava/awt/AWTEvent;Ljava/lang/Object;)V+41
j  java.awt.EventQueue.access$400(Ljava/awt/EventQueue;Ljava/awt/AWTEvent;Ljava/lang/Object;)V+3
j  java.awt.EventQueue$3.run()Ljava/lang/Void;+32
j  java.awt.EventQueue$3.run()Ljava/lang/Object;+1
v  ~StubRoutines::call_stub
j  java.security.AccessController.doPrivileged(Ljava/security/PrivilegedAction;Ljava/security/AccessControlContext;)Ljava/lang/Object;+0
j  java.security.ProtectionDomain$1.doIntersectionPrivilege(Ljava/security/PrivilegedAction;Ljava/security/AccessControlContext;Ljava/security/AccessControlContext;)Ljava/lang/Object;+28
j  java.security.ProtectionDomain$1.doIntersectionPrivilege(Ljava/security/PrivilegedAction;Ljava/security/AccessControlContext;)Ljava/lang/Object;+6
j  java.awt.EventQueue$4.run()Ljava/lang/Void;+11
j  java.awt.EventQueue$4.run()Ljava/lang/Object;+1
v  ~StubRoutines::call_stub
j  java.security.AccessController.doPrivileged(Ljava/security/PrivilegedAction;Ljava/security/AccessControlContext;)Ljava/lang/Object;+0
j  java.security.ProtectionDomain$1.doIntersectionPrivilege(Ljava/security/PrivilegedAction;Ljava/security/AccessControlContext;Ljava/security/AccessControlContext;)Ljava/lang/Object;+28
j  java.awt.EventQueue.dispatchEvent(Ljava/awt/AWTEvent;)V+73
j  java.awt.EventDispatchThread.pumpOneEventForFilters(I)V+245
j  java.awt.EventDispatchThread.pumpEventsForFilter(ILjava/awt/Conditional;Ljava/awt/EventFilter;)V+35
j  java.awt.EventDispatchThread.pumpEventsForHierarchy(ILjava/awt/Conditional;Ljava/awt/Component;)V+11
j  java.awt.EventDispatchThread.pumpEvents(ILjava/awt/Conditional;)V+4
j  java.awt.EventDispatchThread.pumpEvents(Ljava/awt/Conditional;)V+3
j  java.awt.EventDispatchThread.run()V+9
v  ~StubRoutines::call_stub

---------------  P R O C E S S  ---------------

Java Threads: ( => current thread )
  0x00007fde44001000 JavaThread "XToolkt-Shutdown-Thread" [_thread_blocked, id=7933, stack(0x00007fde640dc000,0x00007fde641dd000)]
  0x00007fde84001000 JavaThread "SIGTERM handler" daemon [_thread_blocked, id=7932, stack(0x00007fde6474a000,0x00007fde6484b000)]
  0x00007fdeb400a000 JavaThread "DestroyJavaVM" [_thread_blocked, id=7894, stack(0x00007fdebd937000,0x00007fdebda38000)]
=>0x00007fdeb451d800 JavaThread "AWT-EventQueue-0" [_thread_in_native, id=7931, stack(0x00007fde66c30000,0x00007fde66d31000)]
  0x00007fdeb43ab800 JavaThread "AWT-Shutdown" [_thread_blocked, id=7930, stack(0x00007fde66325000,0x00007fde66426000)]
  0x00007fdeb42f4800 JavaThread "process reaper" daemon [_thread_blocked, id=7921, stack(0x00007fdea40b9000,0x00007fdea40f2000)]
  0x00007fdeb4217000 JavaThread "AWT-XAWT" daemon [_thread_blocked, id=7916, stack(0x00007fde67359000,0x00007fde6745a000)]
  0x00007fdeb41b1800 JavaThread "Java2D Disposer" daemon [_thread_blocked, id=7915, stack(0x00007fde6786a000,0x00007fde6796b000)]
  0x00007fdeb40ca800 JavaThread "Timer-0" [_thread_blocked, id=7914, stack(0x00007fdea40f2000,0x00007fdea41f3000)]
  0x00007fdeb40b3000 JavaThread "Service Thread" daemon [_thread_blocked, id=7912, stack(0x00007fdea4317000,0x00007fdea4418000)]
  0x00007fdeb40b0000 JavaThread "C1 CompilerThread2" daemon [_thread_blocked, id=7911, stack(0x00007fdea4418000,0x00007fdea4519000)]
  0x00007fdeb40ae800 JavaThread "C2 CompilerThread1" daemon [_thread_in_native, id=7910, stack(0x00007fdea4519000,0x00007fdea461a000)]
  0x00007fdeb40ab800 JavaThread "C2 CompilerThread0" daemon [_thread_in_native, id=7909, stack(0x00007fdea461a000,0x00007fdea471b000)]
  0x00007fdeb40a9800 JavaThread "Signal Dispatcher" daemon [_thread_blocked, id=7908, stack(0x00007fdea471b000,0x00007fdea481c000)]
  0x00007fdeb407c000 JavaThread "Finalizer" daemon [_thread_blocked, id=7907, stack(0x00007fdea4eff000,0x00007fdea5000000)]
  0x00007fdeb407a000 JavaThread "Reference Handler" daemon [_thread_blocked, id=7906, stack(0x00007fdeb801d000,0x00007fdeb811e000)]

Other Threads:
  0x00007fdeb4073000 VMThread [stack: 0x00007fdeb811e000,0x00007fdeb821f000] [id=7905]
  0x00007fdeb40ba000 WatcherThread [stack: 0x00007fdea4216000,0x00007fdea4317000] [id=7913]

VM state:not at safepoint (normal execution)

VM Mutex/Monitor currently owned by a thread: None

Heap:
 PSYoungGen      total 407040K, used 355657K [0x00000000e3a00000, 0x00000000ff300000, 0x0000000100000000)
  eden space 404992K, 87% used [0x00000000e3a00000,0x00000000f935b1f8,0x00000000fc580000)
  from space 2048K, 98% used [0x00000000ff100000,0x00000000ff2f7450,0x00000000ff300000)
  to   space 6144K, 0% used [0x00000000fe700000,0x00000000fe700000,0x00000000fed00000)
 ParOldGen       total 58880K, used 47157K [0x00000000aae00000, 0x00000000ae780000, 0x00000000e3a00000)
  object space 58880K, 80% used [0x00000000aae00000,0x00000000adc0d530,0x00000000ae780000)
 Metaspace       used 16385K, capacity 16601K, committed 16896K, reserved 1064960K
  class space    used 1655K, capacity 1727K, committed 1792K, reserved 1048576K

Card table byte_map: [0x00007fdeba4c0000,0x00007fdeba76a000] byte_map_base: 0x00007fdeb9f69000

Marking Bits: (ParMarkBitMap*) 0x00007fdebce1a2c0
 Begin Bits: [0x00007fde9d570000, 0x00007fde9eab8000)
 End Bits:   [0x00007fde9eab8000, 0x00007fdea0000000)

Polling page: 0x00007fdebda59000

CodeCache: size=245760Kb used=5017Kb max_used=5017Kb free=240742Kb
 bounds [0x00007fdea5000000, 0x00007fdea54f0000, 0x00007fdeb4000000]
 total_blobs=2106 nmethods=1205 adapters=817
 compilation: enabled

Compilation events (10 events):
Event: 38.183 Thread 0x00007fdeb40b0000 1218       3       sun.misc.URLClassPath$JarLoader$2::getContentLength (9 bytes)
Event: 38.183 Thread 0x00007fdeb40b0000 nmethod 1218 0x00007fdea54e5310 code [0x00007fdea54e5480, 0x00007fdea54e56b0]
Event: 38.183 Thread 0x00007fdeb40b0000 1219   !   3       java.util.jar.JarFile$JarFileEntry::getCodeSigners (78 bytes)
Event: 38.185 Thread 0x00007fdeb40b0000 nmethod 1219 0x00007fdea54e3f90 code [0x00007fdea54e4160, 0x00007fdea54e4738]
Event: 38.185 Thread 0x00007fdeb40b0000 1220       3       java.util.jar.JarFile::access$200 (5 bytes)
Event: 38.185 Thread 0x00007fdeb40b0000 nmethod 1220 0x00007fdea54e4f90 code [0x00007fdea54e5100, 0x00007fdea54e5268]
Event: 38.187 Thread 0x00007fdeb40ae800 1221       4       sun.net.www.ParseUtil::encodePath (336 bytes)
Event: 38.188 Thread 0x00007fdeb40b0000 1222       3       java.net.URLClassLoader::isSealed (72 bytes)
Event: 38.190 Thread 0x00007fdeb40b0000 nmethod 1222 0x00007fdea54e6690 code [0x00007fdea54e68c0, 0x00007fdea54e7458]
Event: 38.195 Thread 0x00007fdeb40b0000 1223   !   3       java.nio.ByteBuffer::wrap (20 bytes)

GC Heap History (10 events):
Event: 32.212 GC heap before
{Heap before GC invocations=28 (full 0):
 PSYoungGen      total 457728K, used 453471K [0x00000000e3a00000, 0x0000000100000000, 0x0000000100000000)
  eden space 451072K, 100% used [0x00000000e3a00000,0x00000000ff280000,0x00000000ff280000)
  from space 6656K, 36% used [0x00000000ff280000,0x00000000ff4d7cd0,0x00000000ff900000)
  to   space 6656K, 0% used [0x00000000ff980000,0x00000000ff980000,0x0000000100000000)
 ParOldGen       total 58880K, used 38719K [0x00000000aae00000, 0x00000000ae780000, 0x00000000e3a00000)
  object space 58880K, 65% used [0x00000000aae00000,0x00000000ad3cfec0,0x00000000ae780000)
 Metaspace       used 15888K, capacity 15993K, committed 16256K, reserved 1064960K
  class space    used 1594K, capacity 1631K, committed 1664K, reserved 1048576K
Event: 32.220 GC heap after
Heap after GC invocations=28 (full 0):
 PSYoungGen      total 432128K, used 2162K [0x00000000e3a00000, 0x00000000ffc00000, 0x0000000100000000)
  eden space 429568K, 0% used [0x00000000e3a00000,0x00000000e3a00000,0x00000000fdd80000)
  from space 2560K, 84% used [0x00000000ff980000,0x00000000ffb9cb00,0x00000000ffc00000)
  to   space 6656K, 0% used [0x00000000fef00000,0x00000000fef00000,0x00000000ff580000)
 ParOldGen       total 58880K, used 40542K [0x00000000aae00000, 0x00000000ae780000, 0x00000000e3a00000)
  object space 58880K, 68% used [0x00000000aae00000,0x00000000ad597b90,0x00000000ae780000)
 Metaspace       used 15888K, capacity 15993K, committed 16256K, reserved 1064960K
  class space    used 1594K, capacity 1631K, committed 1664K, reserved 1048576K
}
Event: 33.087 GC heap before
{Heap before GC invocations=29 (full 0):
 PSYoungGen      total 432128K, used 431730K [0x00000000e3a00000, 0x00000000ffc00000, 0x0000000100000000)
  eden space 429568K, 100% used [0x00000000e3a00000,0x00000000fdd80000,0x00000000fdd80000)
  from space 2560K, 84% used [0x00000000ff980000,0x00000000ffb9cb00,0x00000000ffc00000)
  to   space 6656K, 0% used [0x00000000fef00000,0x00000000fef00000,0x00000000ff580000)
 ParOldGen       total 58880K, used 40542K [0x00000000aae00000, 0x00000000ae780000, 0x00000000e3a00000)
  object space 58880K, 68% used [0x00000000aae00000,0x00000000ad597b90,0x00000000ae780000)
 Metaspace       used 15892K, capacity 15993K, committed 16256K, reserved 1064960K
  class space    used 1594K, capacity 1631K, committed 1664K, reserved 1048576K
Event: 33.097 GC heap after
Heap after GC invocations=29 (full 0):
 PSYoungGen      total 413184K, used 3219K [0x00000000e3a00000, 0x00000000ffa00000, 0x0000000100000000)
  eden space 409600K, 0% used [0x00000000e3a00000,0x00000000e3a00000,0x00000000fca00000)
  from space 3584K, 89% used [0x00000000fef00000,0x00000000ff224fa0,0x00000000ff280000)
  to   space 6656K, 0% used [0x00000000ff380000,0x00000000ff380000,0x00000000ffa00000)
 ParOldGen       total 58880K, used 42253K [0x00000000aae00000, 0x00000000ae780000, 0x00000000e3a00000)
  object space 58880K, 71% used [0x00000000aae00000,0x00000000ad743418,0x00000000ae780000)
 Metaspace       used 15892K, capacity 15993K, committed 16256K, reserved 1064960K
  class space    used 1594K, capacity 1631K, committed 1664K, reserved 1048576K
}
Event: 34.025 GC heap before
{Heap before GC invocations=30 (full 0):
 PSYoungGen      total 413184K, used 412819K [0x00000000e3a00000, 0x00000000ffa00000, 0x0000000100000000)
  eden space 409600K, 100% used [0x00000000e3a00000,0x00000000fca00000,0x00000000fca00000)
  from space 3584K, 89% used [0x00000000fef00000,0x00000000ff224fa0,0x00000000ff280000)
  to   space 6656K, 0% used [0x00000000ff380000,0x00000000ff380000,0x00000000ffa00000)
 ParOldGen       total 58880K, used 42253K [0x00000000aae00000, 0x00000000ae780000, 0x00000000e3a00000)
  object space 58880K, 71% used [0x00000000aae00000,0x00000000ad743418,0x00000000ae780000)
 Metaspace       used 15892K, capacity 15993K, committed 16256K, reserved 1064960K
  class space    used 1594K, capacity 1631K, committed 1664K, reserved 1048576K
Event: 34.036 GC heap after
Heap after GC invocations=30 (full 0):
 PSYoungGen      total 452608K, used 4056K [0x00000000e3a00000, 0x0000000100000000, 0x0000000100000000)
  eden space 445952K, 0% used [0x00000000e3a00000,0x00000000e3a00000,0x00000000fed80000)
  from space 6656K, 60% used [0x00000000ff380000,0x00000000ff7761d8,0x00000000ffa00000)
  to   space 6144K, 0% used [0x00000000fed80000,0x00000000fed80000,0x00000000ff380000)
 ParOldGen       total 58880K, used 43896K [0x00000000aae00000, 0x00000000ae780000, 0x00000000e3a00000)
  object space 58880K, 74% used [0x00000000aae00000,0x00000000ad8de3b8,0x00000000ae780000)
 Metaspace       used 15892K, capacity 15993K, committed 16256K, reserved 1064960K
  class space    used 1594K, capacity 1631K, committed 1664K, reserved 1048576K
}
Event: 35.565 GC heap before
{Heap before GC invocations=31 (full 0):
 PSYoungGen      total 452608K, used 450008K [0x00000000e3a00000, 0x0000000100000000, 0x0000000100000000)
  eden space 445952K, 100% used [0x00000000e3a00000,0x00000000fed80000,0x00000000fed80000)
  from space 6656K, 60% used [0x00000000ff380000,0x00000000ff7761d8,0x00000000ffa00000)
  to   space 6144K, 0% used [0x00000000fed80000,0x00000000fed80000,0x00000000ff380000)
 ParOldGen       total 58880K, used 43896K [0x00000000aae00000, 0x00000000ae780000, 0x00000000e3a00000)
  object space 58880K, 74% used [0x00000000aae00000,0x00000000ad8de3b8,0x00000000ae780000)
 Metaspace       used 15892K, capacity 15993K, committed 16256K, reserved 1064960K
  class space    used 1594K, capacity 1631K, committed 1664K, reserved 1048576K
Event: 35.576 GC heap after
Heap after GC invocations=31 (full 0):
 PSYoungGen      total 428544K, used 3187K [0x00000000e3a00000, 0x00000000ff400000, 0x0000000100000000)
  eden space 424960K, 0% used [0x00000000e3a00000,0x00000000e3a00000,0x00000000fd900000)
  from space 3584K, 88% used [0x00000000fed80000,0x00000000ff09cfa0,0x00000000ff100000)
  to   space 3072K, 0% used [0x00000000ff100000,0x00000000ff100000,0x00000000ff400000)
 ParOldGen       total 58880K, used 45513K [0x00000000aae00000, 0x00000000ae780000, 0x00000000e3a00000)
  object space 58880K, 77% used [0x00000000aae00000,0x00000000ada72590,0x00000000ae780000)
 Metaspace       used 15892K, capacity 15993K, committed 16256K, reserved 1064960K
  class space    used 1594K, capacity 1631K, committed 1664K, reserved 1048576K
}
Event: 36.641 GC heap before
{Heap before GC invocations=32 (full 0):
 PSYoungGen      total 428544K, used 428147K [0x00000000e3a00000, 0x00000000ff400000, 0x0000000100000000)
  eden space 424960K, 100% used [0x00000000e3a00000,0x00000000fd900000,0x00000000fd900000)
  from space 3584K, 88% used [0x00000000fed80000,0x00000000ff09cfa0,0x00000000ff100000)
  to   space 3072K, 0% used [0x00000000ff100000,0x00000000ff100000,0x00000000ff400000)
 ParOldGen       total 58880K, used 45513K [0x00000000aae00000, 0x00000000ae780000, 0x00000000e3a00000)
  object space 58880K, 77% used [0x00000000aae00000,0x00000000ada72590,0x00000000ae780000)
 Metaspace       used 15892K, capacity 15993K, committed 16256K, reserved 1064960K
  class space    used 1594K, capacity 1631K, committed 1664K, reserved 1048576K
Event: 36.649 GC heap after
Heap after GC invocations=32 (full 0):
 PSYoungGen      total 407040K, used 2013K [0x00000000e3a00000, 0x00000000ff300000, 0x0000000100000000)
  eden space 404992K, 0% used [0x00000000e3a00000,0x00000000e3a00000,0x00000000fc580000)
  from space 2048K, 98% used [0x00000000ff100000,0x00000000ff2f7450,0x00000000ff300000)
  to   space 6144K, 0% used [0x00000000fe700000,0x00000000fe700000,0x00000000fed00000)
 ParOldGen       total 58880K, used 47157K [0x00000000aae00000, 0x00000000ae780000, 0x00000000e3a00000)
  object space 58880K, 80% used [0x00000000aae00000,0x00000000adc0d530,0x00000000ae780000)
 Metaspace       used 15892K, capacity 15993K, committed 16256K, reserved 1064960K
  class space    used 1594K, capacity 1631K, committed 1664K, reserved 1048576K
}

Deoptimization events (6 events):
Event: 5.700 Thread 0x00007fdeb451d800 Uncommon trap: reason=unloaded action=reinterpret pc=0x00007fdea530f708 method=java.nio.Buffer.nextGetIndex()I @ 11
Event: 8.247 Thread 0x00007fdeb451d800 Uncommon trap: reason=unloaded action=reinterpret pc=0x00007fdea534adf4 method=java.lang.CharacterData.of(I)Ljava/lang/CharacterData; @ 96
Event: 8.656 Thread 0x00007fdeb451d800 Uncommon trap: reason=array_check action=maybe_recompile pc=0x00007fdea5413c1c method=java.util.AbstractCollection.toArray([Ljava/lang/Object;)[Ljava/lang/Object; @ 119
Event: 8.656 Thread 0x00007fdeb451d800 Uncommon trap: reason=array_check action=maybe_recompile pc=0x00007fdea5413c1c method=java.util.AbstractCollection.toArray([Ljava/lang/Object;)[Ljava/lang/Object; @ 119
Event: 8.656 Thread 0x00007fdeb451d800 Uncommon trap: reason=array_check action=maybe_recompile pc=0x00007fdea5413c1c method=java.util.AbstractCollection.toArray([Ljava/lang/Object;)[Ljava/lang/Object; @ 119
Event: 8.656 Thread 0x00007fdeb451d800 Uncommon trap: reason=array_check action=maybe_recompile pc=0x00007fdea5413c1c method=java.util.AbstractCollection.toArray([Ljava/lang/Object;)[Ljava/lang/Object; @ 119

Internal exceptions (10 events):
Event: 38.188 Thread 0x00007fdeb451d800 Exception <a 'java/security/PrivilegedActionException'> (0x00000000f9119108) thrown at [/HUDSON/workspace/8-2-build-linux-amd64/jdk8u25/1514/hotspot/src/share/vm/prims/jvm.cpp, line 1312]
Event: 38.188 Thread 0x00007fdeb451d800 Exception <a 'java/security/PrivilegedActionException'> (0x00000000f911e658) thrown at [/HUDSON/workspace/8-2-build-linux-amd64/jdk8u25/1514/hotspot/src/share/vm/prims/jvm.cpp, line 1312]
Event: 38.189 Thread 0x00007fdeb451d800 Exception <a 'java/security/PrivilegedActionException'> (0x00000000f9123918) thrown at [/HUDSON/workspace/8-2-build-linux-amd64/jdk8u25/1514/hotspot/src/share/vm/prims/jvm.cpp, line 1312]
Event: 38.189 Thread 0x00007fdeb451d800 Exception <a 'java/security/PrivilegedActionException'> (0x00000000f91289d8) thrown at [/HUDSON/workspace/8-2-build-linux-amd64/jdk8u25/1514/hotspot/src/share/vm/prims/jvm.cpp, line 1312]
Event: 38.190 Thread 0x00007fdeb451d800 Exception <a 'java/security/PrivilegedActionException'> (0x00000000f912dd58) thrown at [/HUDSON/workspace/8-2-build-linux-amd64/jdk8u25/1514/hotspot/src/share/vm/prims/jvm.cpp, line 1312]
Event: 38.190 Thread 0x00007fdeb451d800 Exception <a 'java/security/PrivilegedActionException'> (0x00000000f9134358) thrown at [/HUDSON/workspace/8-2-build-linux-amd64/jdk8u25/1514/hotspot/src/share/vm/prims/jvm.cpp, line 1312]
Event: 38.191 Thread 0x00007fdeb451d800 Exception <a 'java/security/PrivilegedActionException'> (0x00000000f913aa38) thrown at [/HUDSON/workspace/8-2-build-linux-amd64/jdk8u25/1514/hotspot/src/share/vm/prims/jvm.cpp, line 1312]
Event: 38.192 Thread 0x00007fdeb451d800 Exception <a 'java/security/PrivilegedActionException'> (0x00000000f913ee38) thrown at [/HUDSON/workspace/8-2-build-linux-amd64/jdk8u25/1514/hotspot/src/share/vm/prims/jvm.cpp, line 1312]
Event: 38.193 Thread 0x00007fdeb451d800 Exception <a 'java/security/PrivilegedActionException'> (0x00000000f91436b0) thrown at [/HUDSON/workspace/8-2-build-linux-amd64/jdk8u25/1514/hotspot/src/share/vm/prims/jvm.cpp, line 1312]
Event: 38.194 Thread 0x00007fdeb451d800 Exception <a 'java/security/PrivilegedActionException'> (0x00000000f914a0e0) thrown at [/HUDSON/workspace/8-2-build-linux-amd64/jdk8u25/1514/hotspot/src/share/vm/prims/jvm.cpp, line 1312]

Events (10 events):
Event: 38.192 loading class com/jogamp/opengl/util/texture/TextureData$ColorSpace
Event: 38.192 loading class com/jogamp/opengl/util/texture/TextureData$ColorSpace done
Event: 38.193 loading class com/jogamp/opengl/util/GLPixelBuffer$GLPixelAttributes
Event: 38.193 loading class com/jogamp/opengl/util/GLPixelBuffer$GLPixelAttributes done
Event: 38.193 loading class java/awt/image/SinglePixelPackedSampleModel
Event: 38.193 loading class java/awt/image/SinglePixelPackedSampleModel done
Event: 38.193 loading class java/awt/image/MultiPixelPackedSampleModel
Event: 38.193 loading class java/awt/image/MultiPixelPackedSampleModel done
Event: 38.194 loading class com/jogamp/opengl/util/GLBuffers
Event: 38.194 loading class com/jogamp/opengl/util/GLBuffers done


Dynamic libraries:
00400000-00401000 r-xp 00000000 08:05 738149                             /usr/lib/jvm/java-8-oracle/bin/java
00600000-00601000 rw-p 00000000 08:05 738149                             /usr/lib/jvm/java-8-oracle/bin/java
00fa3000-00fc4000 rw-p 00000000 00:00 0                                  [heap]
aae00000-ae780000 rw-p 00000000 00:00 0 
ae780000-e3a00000 ---p 00000000 00:00 0 
e3a00000-ff300000 rw-p 00000000 00:00 0 
ff300000-100000000 ---p 00000000 00:00 0 
100000000-1001c0000 rw-p 00000000 00:00 0 
1001c0000-140000000 ---p 00000000 00:00 0 
7fde3338d000-7fde333c7000 r-xp 00000000 08:05 1073494                    /usr/lib/jvm/java-8-oracle/jre/lib/amd64/libjpeg.so
7fde333c7000-7fde335c7000 ---p 0003a000 08:05 1073494                    /usr/lib/jvm/java-8-oracle/jre/lib/amd64/libjpeg.so
7fde335c7000-7fde335c8000 rw-p 0003a000 08:05 1073494                    /usr/lib/jvm/java-8-oracle/jre/lib/amd64/libjpeg.so
7fde335c8000-7fde34000000 rw-p 00000000 00:00 0 
7fde34000000-7fde34021000 rw-p 00000000 00:00 0 
7fde34021000-7fde38000000 ---p 00000000 00:00 0 
7fde38198000-7fde3c000000 rw-p 00000000 00:00 0 
7fde3c000000-7fde3c021000 rw-p 00000000 00:00 0 
7fde3c021000-7fde40000000 ---p 00000000 00:00 0 
7fde40000000-7fde400cd000 rw-p 00000000 00:00 0 
7fde400cd000-7fde44000000 ---p 00000000 00:00 0 
7fde44000000-7fde44021000 rw-p 00000000 00:00 0 
7fde44021000-7fde48000000 ---p 00000000 00:00 0 
7fde48000000-7fde48ccd000 rw-p 00000000 00:00 0 
7fde48ccd000-7fde4c000000 ---p 00000000 00:00 0 
7fde4c0f0000-7fde4d0d0000 rw-p 00000000 00:00 0 
7fde4d0d0000-7fde4d0d3000 ---p 00000000 00:00 0 
7fde4d0d3000-7fde4d1d1000 rw-p 00000000 00:00 0 
7fde4d1d1000-7fde4d1d4000 ---p 00000000 00:00 0 
7fde4d1d4000-7fde4d986000 rw-p 00000000 00:00 0 
7fde4d986000-7fde4dac6000 ---p 00000000 00:00 0 
7fde4dac6000-7fde4fc1d000 r-xp 00000000 08:05 2998279                    /usr/lib/fglrx/dri/fglrx_dri.so
7fde4fc1d000-7fde4fd1c000 ---p 02157000 08:05 2998279                    /usr/lib/fglrx/dri/fglrx_dri.so
7fde4fd1c000-7fde4fec8000 rwxp 02156000 08:05 2998279                    /usr/lib/fglrx/dri/fglrx_dri.so
7fde4fec8000-7fde50000000 rwxp 00000000 00:00 0 
7fde50000000-7fde52507000 rw-p 00000000 00:00 0 
7fde52507000-7fde54000000 ---p 00000000 00:00 0 
7fde54000000-7fde54021000 rw-p 00000000 00:00 0 
7fde54021000-7fde58000000 ---p 00000000 00:00 0 
7fde58000000-7fde58021000 rw-p 00000000 00:00 0 
7fde58021000-7fde5c000000 ---p 00000000 00:00 0 
7fde5c000000-7fde5c021000 rw-p 00000000 00:00 0 
7fde5c021000-7fde60000000 ---p 00000000 00:00 0 
7fde60000000-7fde60021000 rw-p 00000000 00:00 0 
7fde60021000-7fde64000000 ---p 00000000 00:00 0 
7fde640dc000-7fde640df000 ---p 00000000 00:00 0 
7fde640df000-7fde641dd000 rw-p 00000000 00:00 0                          [stack:7933]
7fde641dd000-7fde641fb000 r--s 00000000 08:05 1829650                    /usr/share/texmf/fonts/type1/public/lm/lmssbx10.pfb
7fde64219000-7fde64239000 r--s 00000000 08:05 1829669                    /usr/share/texmf/fonts/type1/public/lm/lmtcso10.pfb
7fde642c1000-7fde642d1000 r--s 00000000 08:05 1484033                    /usr/share/fonts/type1/gsfonts/a010033l.pfb
7fde64389000-7fde643a2000 r--s 00000000 08:05 1484105                    /usr/share/fonts/type1/gsfonts/n022004l.pfb
7fde643e5000-7fde643f8000 r--s 00000000 08:05 1484042                    /usr/share/fonts/type1/gsfonts/b018015l.pfb
7fde6441a000-7fde645ce000 rw-p 00000000 00:00 0 
7fde645ce000-7fde645e9000 r--s 00000000 08:05 1484120                    /usr/share/fonts/type1/gsfonts/p052023l.pfb
7fde64600000-7fde6461d000 r--s 00000000 08:05 1829670                    /usr/share/texmf/fonts/type1/public/lm/lmtk10.pfb
7fde64718000-7fde64721000 r--s 00000000 08:05 1484126                    /usr/share/fonts/type1/gsfonts/s050000l.pfb
7fde6474a000-7fde6474d000 ---p 00000000 00:00 0 
7fde6474d000-7fde6484b000 rw-p 00000000 00:00 0                          [stack:7932]
7fde6484b000-7fde64868000 r--s 00000000 08:05 1829611                    /usr/share/texmf/fonts/type1/public/lm/lmcsc10.pfb
7fde648c1000-7fde64ac1000 rw-p 00000000 00:00 0 
7fde64bcd000-7fde651c1000 rw-p 00000000 00:00 0 
7fde651c1000-7fde652a3000 r-xp 00000000 08:05 483936                     /usr/lib/x86_64-linux-gnu/libstdc++.so.6.0.16
7fde652a3000-7fde654a2000 ---p 000e2000 08:05 483936                     /usr/lib/x86_64-linux-gnu/libstdc++.so.6.0.16
7fde654a2000-7fde654aa000 r--p 000e1000 08:05 483936                     /usr/lib/x86_64-linux-gnu/libstdc++.so.6.0.16
7fde654aa000-7fde654ac000 rw-p 000e9000 08:05 483936                     /usr/lib/x86_64-linux-gnu/libstdc++.so.6.0.16
7fde654ac000-7fde654c1000 rw-p 00000000 00:00 0 
7fde654c1000-7fde65562000 r-xp 00000000 08:05 737497                     /usr/lib/fglrx/libatiadlxx.so
7fde65562000-7fde65662000 ---p 000a1000 08:05 737497                     /usr/lib/fglrx/libatiadlxx.so
7fde65662000-7fde65665000 rw-p 000a1000 08:05 737497                     /usr/lib/fglrx/libatiadlxx.so
7fde65665000-7fde65675000 rw-p 00000000 00:00 0 
7fde65675000-7fde65677000 r-xp 00000000 08:05 483414                     /usr/lib/x86_64-linux-gnu/libXinerama.so.1.0.0
7fde65677000-7fde65876000 ---p 00002000 08:05 483414                     /usr/lib/x86_64-linux-gnu/libXinerama.so.1.0.0
7fde65876000-7fde65877000 r--p 00001000 08:05 483414                     /usr/lib/x86_64-linux-gnu/libXinerama.so.1.0.0
7fde65877000-7fde65878000 rw-p 00002000 08:05 483414                     /usr/lib/x86_64-linux-gnu/libXinerama.so.1.0.0
7fde65878000-7fde6587b000 ---p 00000000 00:00 0 
7fde6587b000-7fde65979000 rw-p 00000000 00:00 0 
7fde65979000-7fde65a1e000 r-xp 00000000 08:05 1246003                    /tmp/jogamp_0000/file_cache/jln1167417580483627149/jln8247124253890770139/libjogl_desktop.so
7fde65a1e000-7fde65c1e000 ---p 000a5000 08:05 1246003                    /tmp/jogamp_0000/file_cache/jln1167417580483627149/jln8247124253890770139/libjogl_desktop.so
7fde65c1e000-7fde65c1f000 rw-p 000a5000 08:05 1246003                    /tmp/jogamp_0000/file_cache/jln1167417580483627149/jln8247124253890770139/libjogl_desktop.so
7fde65c1f000-7fde65c2e000 r-xp 00000000 08:05 737491                     /usr/lib/fglrx/libatiuki.so.1.0
7fde65c2e000-7fde65d2e000 ---p 0000f000 08:05 737491                     /usr/lib/fglrx/libatiuki.so.1.0
7fde65d2e000-7fde65d3b000 rw-p 0000f000 08:05 737491                     /usr/lib/fglrx/libatiuki.so.1.0
7fde65d3b000-7fde65d3c000 rw-p 00000000 00:00 0 
7fde65d3c000-7fde65dd8000 r-xp 00000000 08:05 737495                     /usr/lib/fglrx/libGL.so.1.2
7fde65dd8000-7fde65ed8000 ---p 0009c000 08:05 737495                     /usr/lib/fglrx/libGL.so.1.2
7fde65ed8000-7fde65f01000 rwxp 0009c000 08:05 737495                     /usr/lib/fglrx/libGL.so.1.2
7fde65f01000-7fde65f1e000 rwxp 00000000 00:00 0 
7fde65f1e000-7fde6611e000 rw-p 00000000 00:00 0 
7fde6611e000-7fde66125000 r-xp 00000000 08:05 1246351                    /tmp/jogamp_0000/file_cache/jln1167417580483627149/jln8247124253890770139/libnativewindow_x11.so
7fde66125000-7fde66324000 ---p 00007000 08:05 1246351                    /tmp/jogamp_0000/file_cache/jln1167417580483627149/jln8247124253890770139/libnativewindow_x11.so
7fde66324000-7fde66325000 rw-p 00006000 08:05 1246351                    /tmp/jogamp_0000/file_cache/jln1167417580483627149/jln8247124253890770139/libnativewindow_x11.so
7fde66325000-7fde66328000 ---p 00000000 00:00 0 
7fde66328000-7fde66426000 rw-p 00000000 00:00 0                          [stack:7930]
7fde66426000-7fde6642a000 r-xp 00000000 08:05 483436                     /usr/lib/x86_64-linux-gnu/libXxf86vm.so.1.0.0
7fde6642a000-7fde66629000 ---p 00004000 08:05 483436                     /usr/lib/x86_64-linux-gnu/libXxf86vm.so.1.0.0
7fde66629000-7fde6662a000 r--p 00003000 08:05 483436                     /usr/lib/x86_64-linux-gnu/libXxf86vm.so.1.0.0
7fde6662a000-7fde6662b000 rw-p 00004000 08:05 483436                     /usr/lib/x86_64-linux-gnu/libXxf86vm.so.1.0.0
7fde6662b000-7fde6662d000 r-xp 00000000 08:05 1246350                    /tmp/jogamp_0000/file_cache/jln1167417580483627149/jln8247124253890770139/libnativewindow_awt.so
7fde6662d000-7fde6682c000 ---p 00002000 08:05 1246350                    /tmp/jogamp_0000/file_cache/jln1167417580483627149/jln8247124253890770139/libnativewindow_awt.so
7fde6682c000-7fde6682d000 rw-p 00001000 08:05 1246350                    /tmp/jogamp_0000/file_cache/jln1167417580483627149/jln8247124253890770139/libnativewindow_awt.so
7fde6682d000-7fde6682e000 r-xp 00000000 08:05 1073471                    /usr/lib/jvm/java-8-oracle/jre/lib/amd64/libjawt.so
7fde6682e000-7fde66a2d000 ---p 00001000 08:05 1073471                    /usr/lib/jvm/java-8-oracle/jre/lib/amd64/libjawt.so
7fde66a2d000-7fde66a2e000 rw-p 00000000 08:05 1073471                    /usr/lib/jvm/java-8-oracle/jre/lib/amd64/libjawt.so
7fde66a2e000-7fde66a30000 r-xp 00000000 08:05 1245877                    /tmp/jogamp_0000/file_cache/jln1167417580483627149/jln8247124253890770139/libgluegen-rt.so
7fde66a30000-7fde66c2f000 ---p 00002000 08:05 1245877                    /tmp/jogamp_0000/file_cache/jln1167417580483627149/jln8247124253890770139/libgluegen-rt.so
7fde66c2f000-7fde66c30000 rw-p 00001000 08:05 1245877                    /tmp/jogamp_0000/file_cache/jln1167417580483627149/jln8247124253890770139/libgluegen-rt.so
7fde66c30000-7fde66c33000 ---p 00000000 00:00 0 
7fde66c33000-7fde66d31000 rw-p 00000000 00:00 0                          [stack:7931]
7fde66d31000-7fde66d42000 r-xp 00000000 08:05 1073466                    /usr/lib/jvm/java-8-oracle/jre/lib/amd64/libnio.so
7fde66d42000-7fde66f41000 ---p 00011000 08:05 1073466                    /usr/lib/jvm/java-8-oracle/jre/lib/amd64/libnio.so
7fde66f41000-7fde66f42000 rw-p 00010000 08:05 1073466                    /usr/lib/jvm/java-8-oracle/jre/lib/amd64/libnio.so
7fde66f42000-7fde66f58000 r-xp 00000000 08:05 1073463                    /usr/lib/jvm/java-8-oracle/jre/lib/amd64/libnet.so
7fde66f58000-7fde67158000 ---p 00016000 08:05 1073463                    /usr/lib/jvm/java-8-oracle/jre/lib/amd64/libnet.so
7fde67158000-7fde67159000 rw-p 00016000 08:05 1073463                    /usr/lib/jvm/java-8-oracle/jre/lib/amd64/libnet.so
7fde67159000-7fde67359000 rw-p 00000000 00:00 0 
7fde67359000-7fde6735c000 ---p 00000000 00:00 0 
7fde6735c000-7fde6745a000 rw-p 00000000 00:00 0                          [stack:7916]
7fde6745a000-7fde6745f000 r-xp 00000000 08:05 483877                     /usr/lib/x86_64-linux-gnu/libXfixes.so.3.1.0
7fde6745f000-7fde6765e000 ---p 00005000 08:05 483877                     /usr/lib/x86_64-linux-gnu/libXfixes.so.3.1.0
7fde6765e000-7fde6765f000 r--p 00004000 08:05 483877                     /usr/lib/x86_64-linux-gnu/libXfixes.so.3.1.0
7fde6765f000-7fde67660000 rw-p 00005000 08:05 483877                     /usr/lib/x86_64-linux-gnu/libXfixes.so.3.1.0
7fde67660000-7fde67669000 r-xp 00000000 08:05 483400                     /usr/lib/x86_64-linux-gnu/libXcursor.so.1.0.2
7fde67669000-7fde67868000 ---p 00009000 08:05 483400                     /usr/lib/x86_64-linux-gnu/libXcursor.so.1.0.2
7fde67868000-7fde67869000 r--p 00008000 08:05 483400                     /usr/lib/x86_64-linux-gnu/libXcursor.so.1.0.2
7fde67869000-7fde6786a000 rw-p 00009000 08:05 483400                     /usr/lib/x86_64-linux-gnu/libXcursor.so.1.0.2
7fde6786a000-7fde6786d000 ---p 00000000 00:00 0 
7fde6786d000-7fde6796b000 rw-p 00000000 00:00 0                          [stack:7915]
7fde6796b000-7fde67980000 r-xp 00000000 08:05 2976530                    /lib/x86_64-linux-gnu/libgcc_s.so.1
7fde67980000-7fde67b7f000 ---p 00015000 08:05 2976530                    /lib/x86_64-linux-gnu/libgcc_s.so.1
7fde67b7f000-7fde67b80000 r--p 00014000 08:05 2976530                    /lib/x86_64-linux-gnu/libgcc_s.so.1
7fde67b80000-7fde67b81000 rw-p 00015000 08:05 2976530                    /lib/x86_64-linux-gnu/libgcc_s.so.1
7fde67b81000-7fde67be5000 r-xp 00000000 08:05 1073490                    /usr/lib/jvm/java-8-oracle/jre/lib/amd64/libfontmanager.so
7fde67be5000-7fde67de5000 ---p 00064000 08:05 1073490                    /usr/lib/jvm/java-8-oracle/jre/lib/amd64/libfontmanager.so
7fde67de5000-7fde67de9000 rw-p 00064000 08:05 1073490                    /usr/lib/jvm/java-8-oracle/jre/lib/amd64/libfontmanager.so
7fde67de9000-7fde67dfa000 rw-p 00000000 00:00 0 
7fde67dfa000-7fde67dff000 r-xp 00000000 08:05 483404                     /usr/lib/x86_64-linux-gnu/libXdmcp.so.6.0.0
7fde67dff000-7fde67ffe000 ---p 00005000 08:05 483404                     /usr/lib/x86_64-linux-gnu/libXdmcp.so.6.0.0
7fde67ffe000-7fde67fff000 r--p 00004000 08:05 483404                     /usr/lib/x86_64-linux-gnu/libXdmcp.so.6.0.0
7fde67fff000-7fde68000000 rw-p 00005000 08:05 483404                     /usr/lib/x86_64-linux-gnu/libXdmcp.so.6.0.0
7fde68000000-7fde68021000 rw-p 00000000 00:00 0 
7fde68021000-7fde6c000000 ---p 00000000 00:00 0 
7fde6c000000-7fde6c021000 rw-p 00000000 00:00 0 
7fde6c021000-7fde70000000 ---p 00000000 00:00 0 
7fde70000000-7fde702ea000 rw-p 00000000 00:00 0 
7fde702ea000-7fde74000000 ---p 00000000 00:00 0 
7fde74000000-7fde74021000 rw-p 00000000 00:00 0 
7fde74021000-7fde78000000 ---p 00000000 00:00 0 
7fde78000000-7fde787d2000 rw-p 00000000 00:00 0 
7fde787d2000-7fde7c000000 ---p 00000000 00:00 0 
7fde7c000000-7fde7c7f0000 rw-p 00000000 00:00 0 
7fde7c7f0000-7fde80000000 ---p 00000000 00:00 0 
7fde80000000-7fde80021000 rw-p 00000000 00:00 0 
7fde80021000-7fde84000000 ---p 00000000 00:00 0 
7fde84000000-7fde84021000 rw-p 00000000 00:00 0 
7fde84021000-7fde88000000 ---p 00000000 00:00 0 
7fde88000000-7fde88021000 rw-p 00000000 00:00 0 
7fde88021000-7fde8c000000 ---p 00000000 00:00 0 
7fde8c000000-7fde8c021000 rw-p 00000000 00:00 0 
7fde8c021000-7fde90000000 ---p 00000000 00:00 0 
7fde90000000-7fde90021000 rw-p 00000000 00:00 0 
7fde90021000-7fde94000000 ---p 00000000 00:00 0 
7fde94000000-7fde94021000 rw-p 00000000 00:00 0 
7fde94021000-7fde98000000 ---p 00000000 00:00 0 
7fde98000000-7fde98021000 rw-p 00000000 00:00 0 
7fde98021000-7fde9c000000 ---p 00000000 00:00 0 
7fde9c0be000-7fde9c0c0000 r-xp 00000000 08:05 483393                     /usr/lib/x86_64-linux-gnu/libXau.so.6.0.0
7fde9c0c0000-7fde9c2bf000 ---p 00002000 08:05 483393                     /usr/lib/x86_64-linux-gnu/libXau.so.6.0.0
7fde9c2bf000-7fde9c2c0000 r--p 00001000 08:05 483393                     /usr/lib/x86_64-linux-gnu/libXau.so.6.0.0
7fde9c2c0000-7fde9c2c1000 rw-p 00002000 08:05 483393                     /usr/lib/x86_64-linux-gnu/libXau.so.6.0.0
7fde9c2c1000-7fde9c2de000 r-xp 00000000 08:05 484000                     /usr/lib/x86_64-linux-gnu/libxcb.so.1.1.0
7fde9c2de000-7fde9c4dd000 ---p 0001d000 08:05 484000                     /usr/lib/x86_64-linux-gnu/libxcb.so.1.1.0
7fde9c4dd000-7fde9c4de000 r--p 0001c000 08:05 484000                     /usr/lib/x86_64-linux-gnu/libxcb.so.1.1.0
7fde9c4de000-7fde9c4df000 rw-p 0001d000 08:05 484000                     /usr/lib/x86_64-linux-gnu/libxcb.so.1.1.0
7fde9c4df000-7fde9c4ee000 r-xp 00000000 08:05 483407                     /usr/lib/x86_64-linux-gnu/libXi.so.6.1.0
7fde9c4ee000-7fde9c6ed000 ---p 0000f000 08:05 483407                     /usr/lib/x86_64-linux-gnu/libXi.so.6.1.0
7fde9c6ed000-7fde9c6ee000 r--p 0000e000 08:05 483407                     /usr/lib/x86_64-linux-gnu/libXi.so.6.1.0
7fde9c6ee000-7fde9c6ef000 rw-p 0000f000 08:05 483407                     /usr/lib/x86_64-linux-gnu/libXi.so.6.1.0
7fde9c6ef000-7fde9c6f4000 r-xp 00000000 08:05 483432                     /usr/lib/x86_64-linux-gnu/libXtst.so.6.1.0
7fde9c6f4000-7fde9c8f3000 ---p 00005000 08:05 483432                     /usr/lib/x86_64-linux-gnu/libXtst.so.6.1.0
7fde9c8f3000-7fde9c8f4000 r--p 00004000 08:05 483432                     /usr/lib/x86_64-linux-gnu/libXtst.so.6.1.0
7fde9c8f4000-7fde9c8f5000 rw-p 00005000 08:05 483432                     /usr/lib/x86_64-linux-gnu/libXtst.so.6.1.0
7fde9c8f5000-7fde9c8fe000 r-xp 00000000 08:05 483428                     /usr/lib/x86_64-linux-gnu/libXrender.so.1.3.0
7fde9c8fe000-7fde9cafd000 ---p 00009000 08:05 483428                     /usr/lib/x86_64-linux-gnu/libXrender.so.1.3.0
7fde9cafd000-7fde9cafe000 r--p 00008000 08:05 483428                     /usr/lib/x86_64-linux-gnu/libXrender.so.1.3.0
7fde9cafe000-7fde9caff000 rw-p 00009000 08:05 483428                     /usr/lib/x86_64-linux-gnu/libXrender.so.1.3.0
7fde9caff000-7fde9cc2f000 r-xp 00000000 08:05 483725                     /usr/lib/x86_64-linux-gnu/libX11.so.6.3.0
7fde9cc2f000-7fde9ce2f000 ---p 00130000 08:05 483725                     /usr/lib/x86_64-linux-gnu/libX11.so.6.3.0
7fde9ce2f000-7fde9ce30000 r--p 00130000 08:05 483725                     /usr/lib/x86_64-linux-gnu/libX11.so.6.3.0
7fde9ce30000-7fde9ce34000 rw-p 00131000 08:05 483725                     /usr/lib/x86_64-linux-gnu/libX11.so.6.3.0
7fde9ce34000-7fde9ce44000 r-xp 00000000 08:05 483406                     /usr/lib/x86_64-linux-gnu/libXext.so.6.4.0
7fde9ce44000-7fde9d043000 ---p 00010000 08:05 483406                     /usr/lib/x86_64-linux-gnu/libXext.so.6.4.0
7fde9d043000-7fde9d044000 r--p 0000f000 08:05 483406                     /usr/lib/x86_64-linux-gnu/libXext.so.6.4.0
7fde9d044000-7fde9d045000 rw-p 00010000 08:05 483406                     /usr/lib/x86_64-linux-gnu/libXext.so.6.4.0
7fde9d045000-7fde9d099000 r-xp 00000000 08:05 1073385                    /usr/lib/jvm/java-8-oracle/jre/lib/amd64/libawt_xawt.so
7fde9d099000-7fde9d299000 ---p 00054000 08:05 1073385                    /usr/lib/jvm/java-8-oracle/jre/lib/amd64/libawt_xawt.so
7fde9d299000-7fde9d29d000 rw-p 00054000 08:05 1073385                    /usr/lib/jvm/java-8-oracle/jre/lib/amd64/libawt_xawt.so
7fde9d29d000-7fde9d29e000 rw-p 00000000 00:00 0 
7fde9d29e000-7fde9d340000 r-xp 00000000 08:05 1073451                    /usr/lib/jvm/java-8-oracle/jre/lib/amd64/libawt.so
7fde9d340000-7fde9d540000 ---p 000a2000 08:05 1073451                    /usr/lib/jvm/java-8-oracle/jre/lib/amd64/libawt.so
7fde9d540000-7fde9d54c000 rw-p 000a2000 08:05 1073451                    /usr/lib/jvm/java-8-oracle/jre/lib/amd64/libawt.so
7fde9d54c000-7fdea0000000 rw-p 00000000 00:00 0 
7fdea0000000-7fdea0021000 rw-p 00000000 00:00 0 
7fdea0021000-7fdea4000000 ---p 00000000 00:00 0 
7fdea4000000-7fdea4001000 r--s 00000000 08:05 2482259                    /var/cache/fontconfig/c05880de57d1f5e948fdfacc138775d9-le64.cache-3
7fdea4001000-7fdea400a000 r--s 00000000 08:05 2482254                    /var/cache/fontconfig/945677eb7aeaf62f1d50efc3fb3ec7d8-le64.cache-3
7fdea400a000-7fdea400c000 r--s 00000000 08:05 2482255                    /var/cache/fontconfig/99e8ed0e538f840c565b6ed5dad60d56-le64.cache-3
7fdea400c000-7fdea4010000 r--s 00000000 08:05 2482241                    /var/cache/fontconfig/2cd17615ca594fa2959ae173292e504c-le64.cache-3
7fdea4010000-7fdea4011000 r--s 00000000 08:05 2482266                    /var/cache/fontconfig/e7071f4a29fa870f4323321c154eba04-le64.cache-3
7fdea4011000-7fdea4012000 r--s 00000000 08:05 2482239                    /var/cache/fontconfig/0d8c3b2ac0904cb8a57a757ad11a4a08-le64.cache-3
7fdea4012000-7fdea4018000 r--s 00000000 08:05 2482256                    /var/cache/fontconfig/a755afe4a08bf5b97852ceb7400b47bc-le64.cache-3
7fdea4018000-7fdea4021000 r--s 00000000 08:05 2489565                    /var/cache/fontconfig/6d41288fd70b0be22e8c3a91e032eec0-le64.cache-3
7fdea4021000-7fdea4031000 r--s 00000000 08:05 2482238                    /var/cache/fontconfig/04aabc0a78ac019cf9454389977116d2-le64.cache-3
7fdea4031000-7fdea4034000 r--s 00000000 08:05 2482244                    /var/cache/fontconfig/385c0604a188198f04d133e54aba7fe7-le64.cache-3
7fdea4034000-7fdea4039000 r--s 00000000 08:05 2482242                    /var/cache/fontconfig/3047814df9a2f067bd2d96a2b9c36e5a-le64.cache-3
7fdea40b9000-7fdea40bc000 ---p 00000000 00:00 0 
7fdea40bc000-7fdea40f2000 rw-p 00000000 00:00 0                          [stack:7921]
7fdea40f2000-7fdea40f5000 ---p 00000000 00:00 0 
7fdea40f5000-7fdea41f3000 rw-p 00000000 00:00 0                          [stack:7914]
7fdea41f3000-7fdea4216000 r--s 002eb000 08:05 688894                     /home/taft/Dropbox/School/7 2015 Winter/cs428/ScrollThief/jogamp-all-platforms/jar/jogl-all.jar
7fdea4216000-7fdea4217000 ---p 00000000 00:00 0 
7fdea4217000-7fdea4317000 rw-p 00000000 00:00 0                          [stack:7913]
7fdea4317000-7fdea431a000 ---p 00000000 00:00 0 
7fdea431a000-7fdea4418000 rw-p 00000000 00:00 0                          [stack:7912]
7fdea4418000-7fdea441b000 ---p 00000000 00:00 0 
7fdea441b000-7fdea4519000 rw-p 00000000 00:00 0                          [stack:7911]
7fdea4519000-7fdea451c000 ---p 00000000 00:00 0 
7fdea451c000-7fdea461a000 rw-p 00000000 00:00 0                          [stack:7910]
7fdea461a000-7fdea461d000 ---p 00000000 00:00 0 
7fdea461d000-7fdea471b000 rw-p 00000000 00:00 0                          [stack:7909]
7fdea471b000-7fdea471e000 ---p 00000000 00:00 0 
7fdea471e000-7fdea481c000 rw-p 00000000 00:00 0                          [stack:7908]
7fdea481c000-7fdea4eff000 r--p 00000000 08:05 2850817                    /usr/lib/locale/locale-archive
7fdea4eff000-7fdea4f02000 ---p 00000000 00:00 0 
7fdea4f02000-7fdea5000000 rw-p 00000000 00:00 0                          [stack:7907]
7fdea5000000-7fdea54f0000 rwxp 00000000 00:00 0 
7fdea54f0000-7fdeb4000000 ---p 00000000 00:00 0 
7fdeb4000000-7fdeb4706000 rw-p 00000000 00:00 0 
7fdeb4706000-7fdeb8000000 ---p 00000000 00:00 0 
7fdeb8000000-7fdeb8001000 r--s 00000000 08:05 2483109                    /var/cache/fontconfig/4794a0821666d79190d59a36cb4f44b5-le64.cache-3
7fdeb8001000-7fdeb8004000 r--s 00000000 08:05 2482253                    /var/cache/fontconfig/8801497958630a81b71ace7c5f9b32a8-le64.cache-3
7fdeb8004000-7fdeb8005000 r--s 00000000 08:05 2482247                    /var/cache/fontconfig/56cf4f4769d0f4abc89a4895d7bd3ae1-le64.cache-3
7fdeb8005000-7fdeb800a000 r--s 00000000 08:05 2482257                    /var/cache/fontconfig/b47c4e1ecd0709278f4910c18777a504-le64.cache-3
7fdeb800a000-7fdeb801d000 r--s 00000000 08:05 2483938                    /var/cache/fontconfig/e13b20fdb08344e0e664864cc2ede53d-le64.cache-3
7fdeb801d000-7fdeb8020000 ---p 00000000 00:00 0 
7fdeb8020000-7fdeb811e000 rw-p 00000000 00:00 0                          [stack:7906]
7fdeb811e000-7fdeb811f000 ---p 00000000 00:00 0 
7fdeb811f000-7fdeb9201000 rw-p 00000000 00:00 0                          [stack:7905]
7fdeb9201000-7fdeb93d7000 r--s 03caa000 08:05 713345                     /usr/lib/jvm/java-8-oracle/jre/lib/rt.jar
7fdeb93d7000-7fdeb9ef6000 rw-p 00000000 00:00 0 
7fdeb9ef6000-7fdeb9ef7000 ---p 00000000 00:00 0 
7fdeb9ef7000-7fdeb9ff7000 rw-p 00000000 00:00 0                          [stack:7901]
7fdeb9ff7000-7fdeb9ff8000 ---p 00000000 00:00 0 
7fdeb9ff8000-7fdeba0f8000 rw-p 00000000 00:00 0                          [stack:7900]
7fdeba0f8000-7fdeba0f9000 ---p 00000000 00:00 0 
7fdeba0f9000-7fdeba1f9000 rw-p 00000000 00:00 0                          [stack:7899]
7fdeba1f9000-7fdeba1fa000 ---p 00000000 00:00 0 
7fdeba1fa000-7fdeba317000 rw-p 00000000 00:00 0                          [stack:7898]
7fdeba317000-7fdeba4c0000 ---p 00000000 00:00 0 
7fdeba4c0000-7fdeba4dd000 rw-p 00000000 00:00 0 
7fdeba4dd000-7fdeba686000 ---p 00000000 00:00 0 
7fdeba686000-7fdeba763000 rw-p 00000000 00:00 0 
7fdeba763000-7fdeba769000 ---p 00000000 00:00 0 
7fdeba769000-7fdeba77e000 rw-p 00000000 00:00 0 
7fdeba77e000-7fdebab2a000 ---p 00000000 00:00 0 
7fdebab2a000-7fdebab44000 r-xp 00000000 08:05 1073488                    /usr/lib/jvm/java-8-oracle/jre/lib/amd64/libzip.so
7fdebab44000-7fdebad44000 ---p 0001a000 08:05 1073488                    /usr/lib/jvm/java-8-oracle/jre/lib/amd64/libzip.so
7fdebad44000-7fdebad45000 rw-p 0001a000 08:05 1073488                    /usr/lib/jvm/java-8-oracle/jre/lib/amd64/libzip.so
7fdebad45000-7fdebad51000 r-xp 00000000 08:05 2973904                    /lib/x86_64-linux-gnu/libnss_files-2.15.so
7fdebad51000-7fdebaf50000 ---p 0000c000 08:05 2973904                    /lib/x86_64-linux-gnu/libnss_files-2.15.so
7fdebaf50000-7fdebaf51000 r--p 0000b000 08:05 2973904                    /lib/x86_64-linux-gnu/libnss_files-2.15.so
7fdebaf51000-7fdebaf52000 rw-p 0000c000 08:05 2973904                    /lib/x86_64-linux-gnu/libnss_files-2.15.so
7fdebaf52000-7fdebaf5c000 r-xp 00000000 08:05 2973908                    /lib/x86_64-linux-gnu/libnss_nis-2.15.so
7fdebaf5c000-7fdebb15c000 ---p 0000a000 08:05 2973908                    /lib/x86_64-linux-gnu/libnss_nis-2.15.so
7fdebb15c000-7fdebb15d000 r--p 0000a000 08:05 2973908                    /lib/x86_64-linux-gnu/libnss_nis-2.15.so
7fdebb15d000-7fdebb15e000 rw-p 0000b000 08:05 2973908                    /lib/x86_64-linux-gnu/libnss_nis-2.15.so
7fdebb15e000-7fdebb175000 r-xp 00000000 08:05 2973920                    /lib/x86_64-linux-gnu/libnsl-2.15.so
7fdebb175000-7fdebb374000 ---p 00017000 08:05 2973920                    /lib/x86_64-linux-gnu/libnsl-2.15.so
7fdebb374000-7fdebb375000 r--p 00016000 08:05 2973920                    /lib/x86_64-linux-gnu/libnsl-2.15.so
7fdebb375000-7fdebb376000 rw-p 00017000 08:05 2973920                    /lib/x86_64-linux-gnu/libnsl-2.15.so
7fdebb376000-7fdebb378000 rw-p 00000000 00:00 0 
7fdebb378000-7fdebb380000 r-xp 00000000 08:05 2973902                    /lib/x86_64-linux-gnu/libnss_compat-2.15.so
7fdebb380000-7fdebb57f000 ---p 00008000 08:05 2973902                    /lib/x86_64-linux-gnu/libnss_compat-2.15.so
7fdebb57f000-7fdebb580000 r--p 00007000 08:05 2973902                    /lib/x86_64-linux-gnu/libnss_compat-2.15.so
7fdebb580000-7fdebb581000 rw-p 00008000 08:05 2973902                    /lib/x86_64-linux-gnu/libnss_compat-2.15.so
7fdebb581000-7fdebb5ab000 r-xp 00000000 08:05 1073464                    /usr/lib/jvm/java-8-oracle/jre/lib/amd64/libjava.so
7fdebb5ab000-7fdebb7ab000 ---p 0002a000 08:05 1073464                    /usr/lib/jvm/java-8-oracle/jre/lib/amd64/libjava.so
7fdebb7ab000-7fdebb7ad000 rw-p 0002a000 08:05 1073464                    /usr/lib/jvm/java-8-oracle/jre/lib/amd64/libjava.so
7fdebb7ad000-7fdebb7ba000 r-xp 00000000 08:05 1073453                    /usr/lib/jvm/java-8-oracle/jre/lib/amd64/libverify.so
7fdebb7ba000-7fdebb9ba000 ---p 0000d000 08:05 1073453                    /usr/lib/jvm/java-8-oracle/jre/lib/amd64/libverify.so
7fdebb9ba000-7fdebb9bc000 rw-p 0000d000 08:05 1073453                    /usr/lib/jvm/java-8-oracle/jre/lib/amd64/libverify.so
7fdebb9bc000-7fdebb9c3000 r-xp 00000000 08:05 2973907                    /lib/x86_64-linux-gnu/librt-2.15.so
7fdebb9c3000-7fdebbbc2000 ---p 00007000 08:05 2973907                    /lib/x86_64-linux-gnu/librt-2.15.so
7fdebbbc2000-7fdebbbc3000 r--p 00006000 08:05 2973907                    /lib/x86_64-linux-gnu/librt-2.15.so
7fdebbbc3000-7fdebbbc4000 rw-p 00007000 08:05 2973907                    /lib/x86_64-linux-gnu/librt-2.15.so
7fdebbbc4000-7fdebbcbf000 r-xp 00000000 08:05 2973911                    /lib/x86_64-linux-gnu/libm-2.15.so
7fdebbcbf000-7fdebbebe000 ---p 000fb000 08:05 2973911                    /lib/x86_64-linux-gnu/libm-2.15.so
7fdebbebe000-7fdebbebf000 r--p 000fa000 08:05 2973911                    /lib/x86_64-linux-gnu/libm-2.15.so
7fdebbebf000-7fdebbec0000 rw-p 000fb000 08:05 2973911                    /lib/x86_64-linux-gnu/libm-2.15.so
7fdebbec0000-7fdebcb2d000 r-xp 00000000 08:05 1089666                    /usr/lib/jvm/java-8-oracle/jre/lib/amd64/server/libjvm.so
7fdebcb2d000-7fdebcd2c000 ---p 00c6d000 08:05 1089666                    /usr/lib/jvm/java-8-oracle/jre/lib/amd64/server/libjvm.so
7fdebcd2c000-7fdebce02000 rw-p 00c6c000 08:05 1089666                    /usr/lib/jvm/java-8-oracle/jre/lib/amd64/server/libjvm.so
7fdebce02000-7fdebce45000 rw-p 00000000 00:00 0 
7fdebce45000-7fdebcffa000 r-xp 00000000 08:05 2973900                    /lib/x86_64-linux-gnu/libc-2.15.so
7fdebcffa000-7fdebd1f9000 ---p 001b5000 08:05 2973900                    /lib/x86_64-linux-gnu/libc-2.15.so
7fdebd1f9000-7fdebd1fd000 r--p 001b4000 08:05 2973900                    /lib/x86_64-linux-gnu/libc-2.15.so
7fdebd1fd000-7fdebd1ff000 rw-p 001b8000 08:05 2973900                    /lib/x86_64-linux-gnu/libc-2.15.so
7fdebd1ff000-7fdebd204000 rw-p 00000000 00:00 0 
7fdebd204000-7fdebd206000 r-xp 00000000 08:05 2973915                    /lib/x86_64-linux-gnu/libdl-2.15.so
7fdebd206000-7fdebd406000 ---p 00002000 08:05 2973915                    /lib/x86_64-linux-gnu/libdl-2.15.so
7fdebd406000-7fdebd407000 r--p 00002000 08:05 2973915                    /lib/x86_64-linux-gnu/libdl-2.15.so
7fdebd407000-7fdebd408000 rw-p 00003000 08:05 2973915                    /lib/x86_64-linux-gnu/libdl-2.15.so
7fdebd408000-7fdebd41d000 r-xp 00000000 08:05 983236                     /usr/lib/jvm/java-8-oracle/lib/amd64/jli/libjli.so
7fdebd41d000-7fdebd61c000 ---p 00015000 08:05 983236                     /usr/lib/jvm/java-8-oracle/lib/amd64/jli/libjli.so
7fdebd61c000-7fdebd61d000 rw-p 00014000 08:05 983236                     /usr/lib/jvm/java-8-oracle/lib/amd64/jli/libjli.so
7fdebd61d000-7fdebd635000 r-xp 00000000 08:05 2973909                    /lib/x86_64-linux-gnu/libpthread-2.15.so
7fdebd635000-7fdebd834000 ---p 00018000 08:05 2973909                    /lib/x86_64-linux-gnu/libpthread-2.15.so
7fdebd834000-7fdebd835000 r--p 00017000 08:05 2973909                    /lib/x86_64-linux-gnu/libpthread-2.15.so
7fdebd835000-7fdebd836000 rw-p 00018000 08:05 2973909                    /lib/x86_64-linux-gnu/libpthread-2.15.so
7fdebd836000-7fdebd83a000 rw-p 00000000 00:00 0 
7fdebd83a000-7fdebd85c000 r-xp 00000000 08:05 2973912                    /lib/x86_64-linux-gnu/ld-2.15.so
7fdebd85c000-7fdebd85d000 r--s 00000000 08:05 2482258                    /var/cache/fontconfig/b9d506c9ac06c20b433354fa67a72993-le64.cache-3
7fdebd85d000-7fdebd86d000 r--s 00000000 08:05 2482262                    /var/cache/fontconfig/d52a8644073d54c13679302ca1180695-le64.cache-3
7fdebd86d000-7fdebd871000 r--s 00000000 08:05 2482717                    /var/cache/fontconfig/7ef2298fde41cc6eeb7af42e48b7d293-le64.cache-3
7fdebd871000-7fdebd878000 r--s 00000000 08:05 1430330                    /usr/lib/x86_64-linux-gnu/gconv/gconv-modules.cache
7fdebd878000-7fdebd937000 rw-p 00000000 00:00 0 
7fdebd937000-7fdebd93a000 ---p 00000000 00:00 0 
7fdebd93a000-7fdebda3c000 rw-p 00000000 00:00 0                          [stack:7894]
7fdebda3c000-7fdebda3d000 rw-s 00005000 00:05 11527                      /dev/ati/card0
7fdebda3e000-7fdebda3f000 rw-p 00000000 00:00 0 
7fdebda3f000-7fdebda40000 r--s 0002f000 08:05 688874                     /home/taft/Dropbox/School/7 2015 Winter/cs428/ScrollThief/jogamp-all-platforms/jar/jogl-all-natives-linux-amd64.jar
7fdebda40000-7fdebda42000 r--s 00000000 08:05 688791                     /home/taft/Dropbox/School/7 2015 Winter/cs428/ScrollThief/jogamp-all-platforms/jar/gluegen-rt-natives-linux-amd64.jar
7fdebda42000-7fdebda43000 r--p 00000000 00:00 0 
7fdebda43000-7fdebda47000 r--s 00093000 08:05 713359                     /usr/lib/jvm/java-8-oracle/jre/lib/jsse.jar
7fdebda47000-7fdebda4d000 r--s 00041000 08:05 688800                     /home/taft/Dropbox/School/7 2015 Winter/cs428/ScrollThief/jogamp-all-platforms/jar/gluegen-rt.jar
7fdebda4d000-7fdebda4e000 r--s 00007000 08:05 2498855                    /home/taft/Dropbox/School/7 2015 Winter/cs428/ScrollThief/Xbox_Java/lib/XboxController.jar
7fdebda4e000-7fdebda50000 r--s 00007000 08:05 1204396                    /home/taft/Dropbox/School/7 2015 Winter/cs428/ScrollThief/Xbox_Java/lib/jaw.jar
7fdebda50000-7fdebda58000 rw-s 00000000 08:05 229433                     /tmp/hsperfdata_taft/7892
7fdebda58000-7fdebda59000 rw-p 00000000 00:00 0 
7fdebda59000-7fdebda5a000 r--p 00000000 00:00 0 
7fdebda5a000-7fdebda5c000 rw-p 00000000 00:00 0 
7fdebda5c000-7fdebda5d000 r--p 00022000 08:05 2973912                    /lib/x86_64-linux-gnu/ld-2.15.so
7fdebda5d000-7fdebda5f000 rw-p 00023000 08:05 2973912                    /lib/x86_64-linux-gnu/ld-2.15.so
7fff6d9f8000-7fff6da19000 rw-p 00000000 00:00 0                          [stack]
7fff6dbc9000-7fff6dbcb000 r-xp 00000000 00:00 0                          [vdso]
ffffffffff600000-ffffffffff601000 r-xp 00000000 00:00 0                  [vsyscall]

VM Arguments:
jvm_args: -Dfile.encoding=UTF-8 
java_command: scrollthief.ScrollThief
java_class_path (initial): /home/taft/Dropbox/School/7 2015 Winter/cs428/ScrollThief/bin:/home/taft/Dropbox/School/7 2015 Winter/cs428/ScrollThief/Xbox_Java/lib/jaw.jar:/home/taft/Dropbox/School/7 2015 Winter/cs428/ScrollThief/Xbox_Java/lib/XboxController.jar:/home/taft/Dropbox/School/7 2015 Winter/cs428/ScrollThief/jogamp-all-platforms/jar/gluegen-rt.jar:/home/taft/Dropbox/School/7 2015 Winter/cs428/ScrollThief/jogamp-all-platforms/jar/jogl-all.jar
Launcher Type: SUN_STANDARD

Environment Variables:
PATH=/usr/lib/lightdm/lightdm:/usr/local/sbin:/usr/local/bin:/usr/sbin:/usr/bin:/sbin:/bin:/usr/games:/home/taft/workspace/Android/android-sdk-linux/tools:/home/taft/workspace/Android/android-sdk-linux/platform-tools
SHELL=/bin/bash
DISPLAY=:0.0

Signal Handlers:
SIGSEGV: [libjvm.so+0xa79a80], sa_mask[0]=11111111011111111101111111111110, sa_flags=SA_RESTART|SA_SIGINFO
SIGBUS: [libjvm.so+0xa79a80], sa_mask[0]=11111111011111111101111111111110, sa_flags=SA_RESTART|SA_SIGINFO
SIGFPE: [libjvm.so+0x8e24e0], sa_mask[0]=11111111011111111101111111111110, sa_flags=SA_RESTART|SA_SIGINFO
SIGPIPE: [libjvm.so+0x8e24e0], sa_mask[0]=11111111011111111101111111111110, sa_flags=SA_RESTART|SA_SIGINFO
SIGXFSZ: [libjvm.so+0x8e24e0], sa_mask[0]=11111111011111111101111111111110, sa_flags=SA_RESTART|SA_SIGINFO
SIGILL: [libjvm.so+0x8e24e0], sa_mask[0]=11111111011111111101111111111110, sa_flags=SA_RESTART|SA_SIGINFO
SIGUSR1: SIG_DFL, sa_mask[0]=00000000000000000000000000000000, sa_flags=none
SIGUSR2: [libjvm.so+0x8e3d10], sa_mask[0]=00100000000000000000000000000000, sa_flags=SA_RESTART|SA_SIGINFO
SIGHUP: [libjvm.so+0x8e50d0], sa_mask[0]=11111111011111111101111111111110, sa_flags=SA_RESTART|SA_SIGINFO
SIGINT: [libjvm.so+0x8e50d0], sa_mask[0]=11111111011111111101111111111110, sa_flags=SA_RESTART|SA_SIGINFO
SIGTERM: [libjvm.so+0x8e50d0], sa_mask[0]=11111111011111111101111111111110, sa_flags=SA_RESTART|SA_SIGINFO
SIGQUIT: [libjvm.so+0x8e50d0], sa_mask[0]=11111111011111111101111111111110, sa_flags=SA_RESTART|SA_SIGINFO


---------------  S Y S T E M  ---------------

OS:DISTRIB_ID=Ubuntu
DISTRIB_RELEASE=12.04
DISTRIB_CODENAME=precise
DISTRIB_DESCRIPTION="Ubuntu 12.04.5 LTS"

uname:Linux 3.8.0-44-generic #66~precise1-Ubuntu SMP Tue Jul 15 04:01:04 UTC 2014 x86_64
libc:glibc 2.15 NPTL 2.15 
rlimit: STACK 8192k, CORE 0k, NPROC 43405, NOFILE 4096, AS infinity
load average:2.28 1.20 0.72

/proc/meminfo:
MemTotal:        5575012 kB
MemFree:          628400 kB
Buffers:          138112 kB
Cached:          1330140 kB
SwapCached:            0 kB
Active:          3251872 kB
Inactive:         968244 kB
Active(anon):    2752940 kB
Inactive(anon):    41752 kB
Active(file):     498932 kB
Inactive(file):   926492 kB
Unevictable:         156 kB
Mlocked:             156 kB
SwapTotal:       4193276 kB
SwapFree:        4193276 kB
Dirty:               324 kB
Writeback:             0 kB
AnonPages:       2752124 kB
Mapped:           448176 kB
Shmem:             42792 kB
Slab:             145164 kB
SReclaimable:     110180 kB
SUnreclaim:        34984 kB
KernelStack:        5200 kB
PageTables:        44416 kB
NFS_Unstable:          0 kB
Bounce:                0 kB
WritebackTmp:          0 kB
CommitLimit:     6980780 kB
Committed_AS:    6585676 kB
VmallocTotal:   34359738367 kB
VmallocUsed:      109168 kB
VmallocChunk:   34359626996 kB
HardwareCorrupted:     0 kB
AnonHugePages:         0 kB
HugePages_Total:       0
HugePages_Free:        0
HugePages_Rsvd:        0
HugePages_Surp:        0
Hugepagesize:       2048 kB
DirectMap4k:      817152 kB
DirectMap2M:     4929536 kB
DirectMap1G:           0 kB


CPU:total 4 (4 cores per cpu, 1 threads per core) family 18 model 1 stepping 0, cmov, cx8, fxsr, mmx, sse, sse2, sse3, popcnt, mmxext, 3dnowpref, lzcnt, sse4a, tsc, tscinvbit, tscinv

/proc/cpuinfo:
processor	: 0
vendor_id	: AuthenticAMD
cpu family	: 18
model		: 1
model name	: AMD A8-3520M APU with Radeon(tm) HD Graphics
stepping	: 0
microcode	: 0x3000027
cpu MHz		: 1600.000
cache size	: 1024 KB
physical id	: 0
siblings	: 4
core id		: 0
cpu cores	: 4
apicid		: 0
initial apicid	: 0
fpu		: yes
fpu_exception	: yes
cpuid level	: 6
wp		: yes
flags		: fpu vme de pse tsc msr pae mce cx8 apic sep mtrr pge mca cmov pat pse36 clflush mmx fxsr sse sse2 ht syscall nx mmxext fxsr_opt pdpe1gb rdtscp lm 3dnowext 3dnow constant_tsc rep_good nopl nonstop_tsc extd_apicid aperfmperf pni monitor cx16 popcnt lahf_lm cmp_legacy svm extapic cr8_legacy abm sse4a misalignsse 3dnowprefetch osvw ibs skinit wdt arat cpb hw_pstate npt lbrv svm_lock nrip_save pausefilter
bogomips	: 3194.40
TLB size	: 1536 4K pages
clflush size	: 64
cache_alignment	: 64
address sizes	: 40 bits physical, 48 bits virtual
power management: ts ttp tm stc 100mhzsteps hwpstate cpb

processor	: 1
vendor_id	: AuthenticAMD
cpu family	: 18
model		: 1
model name	: AMD A8-3520M APU with Radeon(tm) HD Graphics
stepping	: 0
microcode	: 0x3000027
cpu MHz		: 1600.000
cache size	: 1024 KB
physical id	: 0
siblings	: 4
core id		: 1
cpu cores	: 4
apicid		: 1
initial apicid	: 1
fpu		: yes
fpu_exception	: yes
cpuid level	: 6
wp		: yes
flags		: fpu vme de pse tsc msr pae mce cx8 apic sep mtrr pge mca cmov pat pse36 clflush mmx fxsr sse sse2 ht syscall nx mmxext fxsr_opt pdpe1gb rdtscp lm 3dnowext 3dnow constant_tsc rep_good nopl nonstop_tsc extd_apicid aperfmperf pni monitor cx16 popcnt lahf_lm cmp_legacy svm extapic cr8_legacy abm sse4a misalignsse 3dnowprefetch osvw ibs skinit wdt arat cpb hw_pstate npt lbrv svm_lock nrip_save pausefilter
bogomips	: 3194.40
TLB size	: 1536 4K pages
clflush size	: 64
cache_alignment	: 64
address sizes	: 40 bits physical, 48 bits virtual
power management: ts ttp tm stc 100mhzsteps hwpstate cpb

processor	: 2
vendor_id	: AuthenticAMD
cpu family	: 18
model		: 1
model name	: AMD A8-3520M APU with Radeon(tm) HD Graphics
stepping	: 0
microcode	: 0x3000027
cpu MHz		: 1600.000
cache size	: 1024 KB
physical id	: 0
siblings	: 4
core id		: 2
cpu cores	: 4
apicid		: 2
initial apicid	: 2
fpu		: yes
fpu_exception	: yes
cpuid level	: 6
wp		: yes
flags		: fpu vme de pse tsc msr pae mce cx8 apic sep mtrr pge mca cmov pat pse36 clflush mmx fxsr sse sse2 ht syscall nx mmxext fxsr_opt pdpe1gb rdtscp lm 3dnowext 3dnow constant_tsc rep_good nopl nonstop_tsc extd_apicid aperfmperf pni monitor cx16 popcnt lahf_lm cmp_legacy svm extapic cr8_legacy abm sse4a misalignsse 3dnowprefetch osvw ibs skinit wdt arat cpb hw_pstate npt lbrv svm_lock nrip_save pausefilter
bogomips	: 3194.40
TLB size	: 1536 4K pages
clflush size	: 64
cache_alignment	: 64
address sizes	: 40 bits physical, 48 bits virtual
power management: ts ttp tm stc 100mhzsteps hwpstate cpb

processor	: 3
vendor_id	: AuthenticAMD
cpu family	: 18
model		: 1
model name	: AMD A8-3520M APU with Radeon(tm) HD Graphics
stepping	: 0
microcode	: 0x3000027
cpu MHz		: 1600.000
cache size	: 1024 KB
physical id	: 0
siblings	: 4
core id		: 3
cpu cores	: 4
apicid		: 3
initial apicid	: 3
fpu		: yes
fpu_exception	: yes
cpuid level	: 6
wp		: yes
flags		: fpu vme de pse tsc msr pae mce cx8 apic sep mtrr pge mca cmov pat pse36 clflush mmx fxsr sse sse2 ht syscall nx mmxext fxsr_opt pdpe1gb rdtscp lm 3dnowext 3dnow constant_tsc rep_good nopl nonstop_tsc extd_apicid aperfmperf pni monitor cx16 popcnt lahf_lm cmp_legacy svm extapic cr8_legacy abm sse4a misalignsse 3dnowprefetch osvw ibs skinit wdt arat cpb hw_pstate npt lbrv svm_lock nrip_save pausefilter
bogomips	: 3194.40
TLB size	: 1536 4K pages
clflush size	: 64
cache_alignment	: 64
address sizes	: 40 bits physical, 48 bits virtual
power management: ts ttp tm stc 100mhzsteps hwpstate cpb



Memory: 4k page, physical 5575012k(628400k free), swap 4193276k(4193276k free)

vm_info: Java HotSpot(TM) 64-Bit Server VM (25.25-b02) for linux-amd64 JRE (1.8.0_25-b17), built on Sep 17 2014 17:32:11 by "java_re" with gcc 4.3.0 20080428 (Red Hat 4.3.0-8)

time: Sat Jan 24 15:02:47 2015
elapsed time: 38 seconds (0d 0h 0m 38s)

